0 info it worked if it ends with ok
1 verbose cli [ 'C:\\Program Files (x86)\\nodejs\\node.exe',
1 verbose cli   'C:\\Program Files (x86)\\nodejs\\node_modules\\npm\\bin\\npm-cli.js',
1 verbose cli   'install',
1 verbose cli   '--save',
1 verbose cli   'ndx-permissions',
1 verbose cli   'ndx-socket',
1 verbose cli   'ndx-roster' ]
2 info using npm@3.10.10
3 info using node@v6.10.3
4 silly loadCurrentTree Starting
5 silly install loadCurrentTree
6 silly install readLocalPackageData
7 silly fetchPackageMetaData ndx-permissions
8 silly fetchPackageMetaData ndx-socket
9 silly fetchPackageMetaData ndx-roster
10 silly fetchNamedPackageData ndx-permissions
11 silly mapToRegistry name ndx-permissions
12 silly mapToRegistry using default registry
13 silly mapToRegistry registry https://registry.npmjs.org/
14 silly mapToRegistry data Result {
14 silly mapToRegistry   raw: 'ndx-permissions',
14 silly mapToRegistry   scope: null,
14 silly mapToRegistry   escapedName: 'ndx-permissions',
14 silly mapToRegistry   name: 'ndx-permissions',
14 silly mapToRegistry   rawSpec: '',
14 silly mapToRegistry   spec: 'latest',
14 silly mapToRegistry   type: 'tag' }
15 silly mapToRegistry uri https://registry.npmjs.org/ndx-permissions
16 silly fetchNamedPackageData ndx-socket
17 silly mapToRegistry name ndx-socket
18 silly mapToRegistry using default registry
19 silly mapToRegistry registry https://registry.npmjs.org/
20 silly mapToRegistry data Result {
20 silly mapToRegistry   raw: 'ndx-socket',
20 silly mapToRegistry   scope: null,
20 silly mapToRegistry   escapedName: 'ndx-socket',
20 silly mapToRegistry   name: 'ndx-socket',
20 silly mapToRegistry   rawSpec: '',
20 silly mapToRegistry   spec: 'latest',
20 silly mapToRegistry   type: 'tag' }
21 silly mapToRegistry uri https://registry.npmjs.org/ndx-socket
22 silly fetchNamedPackageData ndx-roster
23 silly mapToRegistry name ndx-roster
24 silly mapToRegistry using default registry
25 silly mapToRegistry registry https://registry.npmjs.org/
26 silly mapToRegistry data Result {
26 silly mapToRegistry   raw: 'ndx-roster',
26 silly mapToRegistry   scope: null,
26 silly mapToRegistry   escapedName: 'ndx-roster',
26 silly mapToRegistry   name: 'ndx-roster',
26 silly mapToRegistry   rawSpec: '',
26 silly mapToRegistry   spec: 'latest',
26 silly mapToRegistry   type: 'tag' }
27 silly mapToRegistry uri https://registry.npmjs.org/ndx-roster
28 verbose request uri https://registry.npmjs.org/ndx-permissions
29 verbose request no auth needed
30 info attempt registry request try #1 at 9:05:46 AM
31 verbose request using bearer token for auth
32 verbose request id be2dcc25a8ec2afe
33 http request GET https://registry.npmjs.org/ndx-permissions
34 verbose request uri https://registry.npmjs.org/ndx-socket
35 verbose request no auth needed
36 info attempt registry request try #1 at 9:05:46 AM
37 verbose request using bearer token for auth
38 http request GET https://registry.npmjs.org/ndx-socket
39 verbose request uri https://registry.npmjs.org/ndx-roster
40 verbose request no auth needed
41 info attempt registry request try #1 at 9:05:46 AM
42 verbose request using bearer token for auth
43 http request GET https://registry.npmjs.org/ndx-roster
44 http 200 https://registry.npmjs.org/ndx-roster
45 verbose headers { server: 'nginx/1.10.1',
45 verbose headers   'content-type': 'application/json',
45 verbose headers   'last-modified': 'Sun, 01 Oct 2017 08:02:42 GMT',
45 verbose headers   etag: 'W/"59d0a122-7bb"',
45 verbose headers   'content-encoding': 'gzip',
45 verbose headers   'cache-control': 'max-age=300',
45 verbose headers   'transfer-encoding': 'chunked',
45 verbose headers   'accept-ranges': 'bytes',
45 verbose headers   date: 'Sun, 01 Oct 2017 08:05:46 GMT',
45 verbose headers   via: '1.1 varnish',
45 verbose headers   connection: 'keep-alive',
45 verbose headers   'x-served-by': 'cache-lhr6338-LHR',
45 verbose headers   'x-cache': 'MISS',
45 verbose headers   'x-cache-hits': '0',
45 verbose headers   'x-timer': 'S1506845146.237342,VS0,VE15',
45 verbose headers   vary: 'Accept-Encoding, Accept' }
46 silly get cb [ 200,
46 silly get   { server: 'nginx/1.10.1',
46 silly get     'content-type': 'application/json',
46 silly get     'last-modified': 'Sun, 01 Oct 2017 08:02:42 GMT',
46 silly get     etag: 'W/"59d0a122-7bb"',
46 silly get     'content-encoding': 'gzip',
46 silly get     'cache-control': 'max-age=300',
46 silly get     'transfer-encoding': 'chunked',
46 silly get     'accept-ranges': 'bytes',
46 silly get     date: 'Sun, 01 Oct 2017 08:05:46 GMT',
46 silly get     via: '1.1 varnish',
46 silly get     connection: 'keep-alive',
46 silly get     'x-served-by': 'cache-lhr6338-LHR',
46 silly get     'x-cache': 'MISS',
46 silly get     'x-cache-hits': '0',
46 silly get     'x-timer': 'S1506845146.237342,VS0,VE15',
46 silly get     vary: 'Accept-Encoding, Accept' } ]
47 verbose get saving ndx-roster to C:\Users\lewis\AppData\Roaming\npm-cache\registry.npmjs.org\ndx-roster\.cache.json
48 verbose correctMkdir C:\Users\lewis\AppData\Roaming\npm-cache correctMkdir not in flight; initializing
49 http 200 https://registry.npmjs.org/ndx-socket
50 verbose headers { server: 'nginx/1.10.1',
50 verbose headers   'content-type': 'application/json',
50 verbose headers   'last-modified': 'Sun, 01 Oct 2017 08:04:01 GMT',
50 verbose headers   etag: 'W/"59d0a171-2c11"',
50 verbose headers   'content-encoding': 'gzip',
50 verbose headers   'cache-control': 'max-age=300',
50 verbose headers   'transfer-encoding': 'chunked',
50 verbose headers   'accept-ranges': 'bytes',
50 verbose headers   date: 'Sun, 01 Oct 2017 08:05:46 GMT',
50 verbose headers   via: '1.1 varnish',
50 verbose headers   connection: 'keep-alive',
50 verbose headers   'x-served-by': 'cache-lhr6345-LHR',
50 verbose headers   'x-cache': 'MISS',
50 verbose headers   'x-cache-hits': '0',
50 verbose headers   'x-timer': 'S1506845146.237109,VS0,VE17',
50 verbose headers   vary: 'Accept-Encoding, Accept' }
51 silly get cb [ 200,
51 silly get   { server: 'nginx/1.10.1',
51 silly get     'content-type': 'application/json',
51 silly get     'last-modified': 'Sun, 01 Oct 2017 08:04:01 GMT',
51 silly get     etag: 'W/"59d0a171-2c11"',
51 silly get     'content-encoding': 'gzip',
51 silly get     'cache-control': 'max-age=300',
51 silly get     'transfer-encoding': 'chunked',
51 silly get     'accept-ranges': 'bytes',
51 silly get     date: 'Sun, 01 Oct 2017 08:05:46 GMT',
51 silly get     via: '1.1 varnish',
51 silly get     connection: 'keep-alive',
51 silly get     'x-served-by': 'cache-lhr6345-LHR',
51 silly get     'x-cache': 'MISS',
51 silly get     'x-cache-hits': '0',
51 silly get     'x-timer': 'S1506845146.237109,VS0,VE17',
51 silly get     vary: 'Accept-Encoding, Accept' } ]
52 verbose get saving ndx-socket to C:\Users\lewis\AppData\Roaming\npm-cache\registry.npmjs.org\ndx-socket\.cache.json
53 verbose correctMkdir C:\Users\lewis\AppData\Roaming\npm-cache correctMkdir already in flight; waiting
54 http 200 https://registry.npmjs.org/ndx-permissions
55 verbose headers { server: 'nginx/1.10.1',
55 verbose headers   'content-type': 'application/json',
55 verbose headers   'last-modified': 'Sun, 01 Oct 2017 08:04:49 GMT',
55 verbose headers   etag: 'W/"59d0a1a1-73ef"',
55 verbose headers   'content-encoding': 'gzip',
55 verbose headers   'cache-control': 'max-age=300',
55 verbose headers   'transfer-encoding': 'chunked',
55 verbose headers   'accept-ranges': 'bytes',
55 verbose headers   date: 'Sun, 01 Oct 2017 08:05:46 GMT',
55 verbose headers   via: '1.1 varnish',
55 verbose headers   connection: 'keep-alive',
55 verbose headers   'x-served-by': 'cache-lhr6342-LHR',
55 verbose headers   'x-cache': 'MISS',
55 verbose headers   'x-cache-hits': '0',
55 verbose headers   'x-timer': 'S1506845146.234198,VS0,VE16',
55 verbose headers   vary: 'Accept-Encoding, Accept' }
56 silly get cb [ 200,
56 silly get   { server: 'nginx/1.10.1',
56 silly get     'content-type': 'application/json',
56 silly get     'last-modified': 'Sun, 01 Oct 2017 08:04:49 GMT',
56 silly get     etag: 'W/"59d0a1a1-73ef"',
56 silly get     'content-encoding': 'gzip',
56 silly get     'cache-control': 'max-age=300',
56 silly get     'transfer-encoding': 'chunked',
56 silly get     'accept-ranges': 'bytes',
56 silly get     date: 'Sun, 01 Oct 2017 08:05:46 GMT',
56 silly get     via: '1.1 varnish',
56 silly get     connection: 'keep-alive',
56 silly get     'x-served-by': 'cache-lhr6342-LHR',
56 silly get     'x-cache': 'MISS',
56 silly get     'x-cache-hits': '0',
56 silly get     'x-timer': 'S1506845146.234198,VS0,VE16',
56 silly get     vary: 'Accept-Encoding, Accept' } ]
57 verbose get saving ndx-permissions to C:\Users\lewis\AppData\Roaming\npm-cache\registry.npmjs.org\ndx-permissions\.cache.json
58 verbose correctMkdir C:\Users\lewis\AppData\Roaming\npm-cache correctMkdir already in flight; waiting
59 silly install normalizeTree
60 silly loadCurrentTree Finishing
61 silly loadIdealTree Starting
62 silly install loadIdealTree
63 silly cloneCurrentTree Starting
64 silly install cloneCurrentTreeToIdealTree
65 silly cloneCurrentTree Finishing
66 silly loadShrinkwrap Starting
67 silly install loadShrinkwrap
68 silly loadShrinkwrap Finishing
69 silly loadAllDepsIntoIdealTree Starting
70 silly install loadAllDepsIntoIdealTree
71 silly rollbackFailedOptional Starting
72 silly rollbackFailedOptional Finishing
73 silly runTopLevelLifecycles Finishing
74 silly install printInstalled
75 verbose stack Error: Refusing to install ndx-permissions as a dependency of itself
75 verbose stack     at checkSelf (C:\Program Files (x86)\nodejs\node_modules\npm\lib\install\validate-args.js:53:14)
75 verbose stack     at Array.<anonymous> (C:\Program Files (x86)\nodejs\node_modules\npm\node_modules\slide\lib\bind-actor.js:15:8)
75 verbose stack     at LOOP (C:\Program Files (x86)\nodejs\node_modules\npm\node_modules\slide\lib\chain.js:15:14)
75 verbose stack     at chain (C:\Program Files (x86)\nodejs\node_modules\npm\node_modules\slide\lib\chain.js:20:5)
75 verbose stack     at C:\Program Files (x86)\nodejs\node_modules\npm\lib\install\validate-args.js:16:5
75 verbose stack     at C:\Program Files (x86)\nodejs\node_modules\npm\node_modules\slide\lib\async-map.js:52:35
75 verbose stack     at Array.forEach (native)
75 verbose stack     at C:\Program Files (x86)\nodejs\node_modules\npm\node_modules\slide\lib\async-map.js:52:11
75 verbose stack     at Array.forEach (native)
75 verbose stack     at asyncMap (C:\Program Files (x86)\nodejs\node_modules\npm\node_modules\slide\lib\async-map.js:51:8)
76 verbose cwd D:\DEV\github\ndx-permissions
77 error Windows_NT 6.1.7601
78 error argv "C:\\Program Files (x86)\\nodejs\\node.exe" "C:\\Program Files (x86)\\nodejs\\node_modules\\npm\\bin\\npm-cli.js" "install" "--save" "ndx-permissions" "ndx-socket" "ndx-roster"
79 error node v6.10.3
80 error npm  v3.10.10
81 error code ENOSELF
82 error Refusing to install ndx-permissions as a dependency of itself
83 error If you need help, you may report this error at:
83 error     <https://github.com/npm/npm/issues>
84 verbose exit [ 1, true ]
